[INFO] 12:49:16:43 Swap/(28158:28158): Proceso Recibido PID: 1, Indice: 0, Tamanio: 5
[INFO] 12:49:22:163 Swap/(28158:28158): Lectura en el SWAP: ubicacion 0, valor  del process ID 1, de la pagina 0.
[INFO] 12:49:27:230 Swap/(28158:28158): Lectura en el SWAP: ubicacion 10, valor NULL del process ID 1, de la pagina 1.
[INFO] 12:49:32:238 Swap/(28158:28158): Lectura en el SWAP: ubicacion 20, valor NULL del process ID 1, de la pagina 2.
[INFO] 12:49:37:244 Swap/(28158:28158): Lectura en el SWAP: ubicacion 30, valor NULL del process ID 1, de la pagina 3.
[INFO] 12:49:42:248 Swap/(28158:28158): Lectura en el SWAP: ubicacion 40, valor NULL del process ID 1, de la pagina 4.
[INFO] 12:51:34:305 Swap/(28158:28158): PID: 1, Cantidad de paginas leidas: 5 

[INFO] 12:51:34:306 Swap/(28158:28158): PID: 1, Cantidad de paginas escritas: 0 

[INFO] 12:51:34:323 Swap/(28158:28158): Proceso eliminado PID: 1, Indice: 0, Tamanio: 5 

[INFO] 12:51:53:370 Swap/(28158:28158): No se pudo eliminar el proceso PID: 1
[INFO] 12:54:19:604 Swap/(28332:28332): Proceso Recibido PID: 1, Indice: 0, Tamanio: 5
[INFO] 12:54:26:703 Swap/(28332:28332): Proceso Recibido PID: 2, Indice: 5, Tamanio: 5
[INFO] 12:54:33:770 Swap/(28332:28332): Lectura en el SWAP: ubicacion 0, valor  del process ID 1, de la pagina 0.
[INFO] 12:54:40:861 Swap/(28332:28332): Proceso Recibido PID: 3, Indice: 10, Tamanio: 5
[INFO] 12:54:47:870 Swap/(28332:28332): Proceso Recibido PID: 4, Indice: 15, Tamanio: 5
[INFO] 12:59:51:558 Swap/(28658:28658): Proceso Recibido PID: 1, Indice: 0, Tamanio: 5
[INFO] 12:59:58:639 Swap/(28658:28658): Proceso Recibido PID: 2, Indice: 5, Tamanio: 5
[INFO] 13:00:05:710 Swap/(28658:28658): Lectura en el SWAP: ubicacion 0, valor  del process ID 1, de la pagina 0.
[INFO] 13:00:12:801 Swap/(28658:28658): Proceso Recibido PID: 3, Indice: 10, Tamanio: 5
[INFO] 13:04:53:532 Swap/(28658:28658): Proceso Recibido PID: 3, Indice: 15, Tamanio: 5
[INFO] 13:05:22:541 Swap/(28761:28761): Proceso Recibido PID: 1, Indice: 0, Tamanio: 5
[INFO] 13:05:27:668 Swap/(28761:28761): Lectura en el SWAP: ubicacion 0, valor  del process ID 1, de la pagina 0.
[INFO] 13:05:32:781 Swap/(28761:28761): Lectura en el SWAP: ubicacion 10, valor NULL del process ID 1, de la pagina 1.
[INFO] 13:05:39:810 Swap/(28761:28761): Proceso Recibido PID: 2, Indice: 5, Tamanio: 5
[INFO] 13:05:44:814 Swap/(28761:28761): Lectura en el SWAP: ubicacion 5, valor NULL del process ID 2, de la pagina 0.
[INFO] 13:05:49:818 Swap/(28761:28761): Lectura en el SWAP: ubicacion 15, valor NULL del process ID 2, de la pagina 1.
[INFO] 13:05:56:827 Swap/(28761:28761): Proceso Recibido PID: 3, Indice: 10, Tamanio: 5
[INFO] 13:06:01:830 Swap/(28761:28761): Lectura en el SWAP: ubicacion 10, valor NULL del process ID 3, de la pagina 0.
[INFO] 13:06:06:835 Swap/(28761:28761): Lectura en el SWAP: ubicacion 20, valor NULL del process ID 3, de la pagina 1.
[INFO] 13:08:41:997 Swap/(28887:28887): Proceso Recibido PID: 1, Indice: 0, Tamanio: 5
[INFO] 13:08:47:118 Swap/(28887:28887): Lectura en el SWAP: ubicacion 0, valor  del process ID 1, de la pagina 0.
[INFO] 13:08:52:209 Swap/(28887:28887): Lectura en el SWAP: ubicacion 10, valor NULL del process ID 1, de la pagina 1.
[INFO] 13:08:59:239 Swap/(28887:28887): Proceso Recibido PID: 2, Indice: 5, Tamanio: 5
[INFO] 13:09:04:242 Swap/(28887:28887): Lectura en el SWAP: ubicacion 5, valor NULL del process ID 2, de la pagina 0.
[INFO] 13:09:09:246 Swap/(28887:28887): Lectura en el SWAP: ubicacion 15, valor NULL del process ID 2, de la pagina 1.
[INFO] 13:09:16:253 Swap/(28887:28887): Proceso Recibido PID: 3, Indice: 10, Tamanio: 5
[INFO] 13:09:21:255 Swap/(28887:28887): Lectura en el SWAP: ubicacion 10, valor NULL del process ID 3, de la pagina 0.
[INFO] 13:09:26:259 Swap/(28887:28887): Lectura en el SWAP: ubicacion 20, valor NULL del process ID 3, de la pagina 1.
[INFO] 13:12:13:607 Swap/(29024:29024): Proceso Recibido PID: 1, Indice: 0, Tamanio: 5
[INFO] 13:12:18:731 Swap/(29024:29024): Lectura en el SWAP: ubicacion 0, valor  del process ID 1, de la pagina 0.
[INFO] 13:12:23:840 Swap/(29024:29024): Lectura en el SWAP: ubicacion 10, valor NULL del process ID 1, de la pagina 1.
[INFO] 13:12:30:874 Swap/(29024:29024): Proceso Recibido PID: 2, Indice: 5, Tamanio: 5
[INFO] 13:12:35:877 Swap/(29024:29024): Lectura en el SWAP: ubicacion 5, valor NULL del process ID 2, de la pagina 0.
[INFO] 13:12:40:882 Swap/(29024:29024): Lectura en el SWAP: ubicacion 15, valor NULL del process ID 2, de la pagina 1.
[INFO] 13:12:47:894 Swap/(29024:29024): Proceso Recibido PID: 3, Indice: 10, Tamanio: 5
[INFO] 13:12:52:896 Swap/(29024:29024): Lectura en el SWAP: ubicacion 10, valor NULL del process ID 3, de la pagina 0.
[INFO] 13:12:57:901 Swap/(29024:29024): Lectura en el SWAP: ubicacion 20, valor NULL del process ID 3, de la pagina 1.
[INFO] 13:13:04:911 Swap/(29024:29024): Lectura en el SWAP: ubicacion 20, valor NULL del process ID 1, de la pagina 2.
[INFO] 13:13:09:920 Swap/(29024:29024): Lectura en el SWAP: ubicacion 30, valor NULL del process ID 1, de la pagina 3.
[INFO] 13:13:14:925 Swap/(29024:29024): Lectura en el SWAP: ubicacion 40, valor NULL del process ID 1, de la pagina 4.
[INFO] 13:13:21:937 Swap/(29024:29024): Lectura en el SWAP: ubicacion 25, valor NULL del process ID 2, de la pagina 2.
[INFO] 13:13:26:942 Swap/(29024:29024): Lectura en el SWAP: ubicacion 35, valor NULL del process ID 2, de la pagina 3.
[INFO] 13:13:31:955 Swap/(29024:29024): Lectura en el SWAP: ubicacion 30, valor NULL del process ID 3, de la pagina 2.
[INFO] 13:13:36:959 Swap/(29024:29024): Lectura en el SWAP: ubicacion 40, valor NULL del process ID 3, de la pagina 3.
[INFO] 13:13:41:965 Swap/(29024:29024): Lectura en el SWAP: ubicacion 50, valor NULL del process ID 3, de la pagina 4.
[INFO] 13:17:30:211 Swap/(29024:29024): PID: 3, Cantidad de paginas leidas: 5 

[INFO] 13:17:30:212 Swap/(29024:29024): PID: 3, Cantidad de paginas escritas: 0 

[INFO] 13:17:30:215 Swap/(29024:29024): Proceso eliminado PID: 3, Indice: 10, Tamanio: 5 

[INFO] 13:18:04:126 Swap/(29024:29024): No se pudo eliminar el proceso PID: 3
[INFO] 13:18:47:54 Swap/(29177:29177): Proceso Recibido PID: 1, Indice: 0, Tamanio: 5
[INFO] 13:18:55:169 Swap/(29177:29177): Proceso Recibido PID: 2, Indice: 5, Tamanio: 5
[INFO] 13:19:02:182 Swap/(29177:29177): Proceso Recibido PID: 3, Indice: 10, Tamanio: 5
[INFO] 13:19:09:248 Swap/(29177:29177): Lectura en el SWAP: ubicacion 0, valor  del process ID 1, de la pagina 0.
[INFO] 13:19:16:349 Swap/(29177:29177): Lectura en el SWAP: ubicacion 5, valor NULL del process ID 2, de la pagina 0.
[INFO] 13:19:23:362 Swap/(29177:29177): Lectura en el SWAP: ubicacion 10, valor NULL del process ID 3, de la pagina 0.
[INFO] 13:22:35:299 Swap/(29273:29273): Proceso Recibido PID: 1, Indice: 0, Tamanio: 6
[INFO] 13:22:40:407 Swap/(29273:29273): Lectura en el SWAP: ubicacion 20, valor NULL del process ID 1, de la pagina 2.
[INFO] 13:22:50:482 Swap/(29273:29273): Lectura en el SWAP: ubicacion 30, valor NULL del process ID 1, de la pagina 3.
[INFO] 13:23:00:490 Swap/(29273:29273): Lectura en el SWAP: ubicacion 10, valor NULL del process ID 1, de la pagina 1.
[INFO] 13:23:10:502 Swap/(29273:29273): Lectura en el SWAP: ubicacion 50, valor NULL del process ID 1, de la pagina 5.
[INFO] 13:23:10:532 Swap/(29273:29273): Escritura en el SWAP: ubicacion 30, valor tres del process ID 1, de la pagina 3.
[INFO] 13:23:20:528 Swap/(29273:29273): Lectura en el SWAP: ubicacion 40, valor NULL del process ID 1, de la pagina 4.
[INFO] 13:23:20:533 Swap/(29273:29273): Escritura en el SWAP: ubicacion 50, valor cinco del process ID 1, de la pagina 5.
[INFO] 13:23:25:537 Swap/(29273:29273): Lectura en el SWAP: ubicacion 50, valor NULL del process ID 1, de la pagina 5.
[INFO] 13:23:25:539 Swap/(29273:29273): Escritura en el SWAP: ubicacion 10, valor uno del process ID 1, de la pagina 1.
[INFO] 13:23:30:543 Swap/(29273:29273): Lectura en el SWAP: ubicacion 30, valor NULL del process ID 1, de la pagina 3.
[INFO] 13:23:30:546 Swap/(29273:29273): Escritura en el SWAP: ubicacion 20, valor dos del process ID 1, de la pagina 2.
[INFO] 13:23:35:550 Swap/(29273:29273): Lectura en el SWAP: ubicacion 20, valor NULL del process ID 1, de la pagina 2.
[INFO] 13:23:35:553 Swap/(29273:29273): Escritura en el SWAP: ubicacion 40, valor cuatro del process ID 1, de la pagina 4.
[INFO] 13:24:12:579 Swap/(29273:29273): PID: 1, Cantidad de paginas leidas: 8 

[INFO] 13:24:12:579 Swap/(29273:29273): PID: 1, Cantidad de paginas escritas: 5 

[INFO] 13:24:12:592 Swap/(29273:29273): Proceso eliminado PID: 1, Indice: 0, Tamanio: 6 

[INFO] 13:26:34:891 Swap/(29273:29273): No se pudo eliminar el proceso PID: 1
[INFO] 13:28:04:812 Swap/(29515:29515): Proceso Recibido PID: 1, Indice: 0, Tamanio: 6
[INFO] 13:28:09:912 Swap/(29515:29515): Lectura en el SWAP: ubicacion 20, valor NULL del process ID 1, de la pagina 2.
[INFO] 13:28:19:964 Swap/(29515:29515): Lectura en el SWAP: ubicacion 30, valor NULL del process ID 1, de la pagina 3.
[INFO] 13:28:29:973 Swap/(29515:29515): Lectura en el SWAP: ubicacion 10, valor NULL del process ID 1, de la pagina 1.
[INFO] 13:28:39:980 Swap/(29515:29515): Lectura en el SWAP: ubicacion 50, valor NULL del process ID 1, de la pagina 5.
[INFO] 13:28:40:15 Swap/(29515:29515): Escritura en el SWAP: ubicacion 20, valor dos del process ID 1, de la pagina 2.
[INFO] 13:28:44:2 Swap/(29515:29515): Lectura en el SWAP: ubicacion 20, valor NULL del process ID 1, de la pagina 2.
[INFO] 13:28:45:5 Swap/(29515:29515): Escritura en el SWAP: ubicacion 30, valor tres del process ID 1, de la pagina 3.
[INFO] 13:28:50:9 Swap/(29515:29515): Lectura en el SWAP: ubicacion 40, valor NULL del process ID 1, de la pagina 4.
[INFO] 13:28:50:11 Swap/(29515:29515): Escritura en el SWAP: ubicacion 50, valor cinco del process ID 1, de la pagina 5.
[INFO] 13:28:55:14 Swap/(29515:29515): Lectura en el SWAP: ubicacion 50, valor NULL del process ID 1, de la pagina 5.
[INFO] 13:28:55:16 Swap/(29515:29515): Escritura en el SWAP: ubicacion 10, valor uno del process ID 1, de la pagina 1.
[INFO] 13:29:00:18 Swap/(29515:29515): Lectura en el SWAP: ubicacion 30, valor NULL del process ID 1, de la pagina 3.
[INFO] 13:29:00:20 Swap/(29515:29515): Escritura en el SWAP: ubicacion 40, valor cuatro del process ID 1, de la pagina 4.
[INFO] 13:29:42:52 Swap/(29515:29515): PID: 1, Cantidad de paginas leidas: 8 

[INFO] 13:29:42:52 Swap/(29515:29515): PID: 1, Cantidad de paginas escritas: 5 

[INFO] 13:29:42:63 Swap/(29515:29515): Proceso eliminado PID: 1, Indice: 0, Tamanio: 6 

[INFO] 13:31:15:669 Swap/(29515:29515): No se pudo eliminar el proceso PID: 1
[INFO] 13:46:36:173 Swap/(29719:29719): Proceso Recibido PID: 1, Indice: 0, Tamanio: 6
[INFO] 13:46:41:252 Swap/(29719:29719): Lectura en el SWAP: ubicacion 20, valor NULL del process ID 1, de la pagina 2.
[INFO] 13:46:51:304 Swap/(29719:29719): Lectura en el SWAP: ubicacion 30, valor NULL del process ID 1, de la pagina 3.
[INFO] 13:47:01:311 Swap/(29719:29719): Lectura en el SWAP: ubicacion 10, valor NULL del process ID 1, de la pagina 1.
[INFO] 13:47:11:321 Swap/(29719:29719): Lectura en el SWAP: ubicacion 50, valor NULL del process ID 1, de la pagina 5.
[INFO] 13:47:11:332 Swap/(29719:29719): Escritura en el SWAP: ubicacion 30, valor tres del process ID 1, de la pagina 3.
[INFO] 13:47:21:338 Swap/(29719:29719): Lectura en el SWAP: ubicacion 40, valor NULL del process ID 1, de la pagina 4.
[INFO] 13:47:21:339 Swap/(29719:29719): Escritura en el SWAP: ubicacion 10, valor uno del process ID 1, de la pagina 1.
[INFO] 13:47:31:345 Swap/(29719:29719): Lectura en el SWAP: ubicacion 30, valor NULL del process ID 1, de la pagina 3.
[INFO] 13:47:31:347 Swap/(29719:29719): Escritura en el SWAP: ubicacion 20, valor dos del process ID 1, de la pagina 2.
[INFO] 13:47:36:349 Swap/(29719:29719): Lectura en el SWAP: ubicacion 20, valor NULL del process ID 1, de la pagina 2.
[INFO] 13:47:36:351 Swap/(29719:29719): Escritura en el SWAP: ubicacion 40, valor cuatro del process ID 1, de la pagina 4.
[INFO] 13:48:13:374 Swap/(29719:29719): PID: 1, Cantidad de paginas leidas: 7 

[INFO] 13:48:13:374 Swap/(29719:29719): PID: 1, Cantidad de paginas escritas: 4 

[INFO] 13:48:13:374 Swap/(29719:29719): Proceso eliminado PID: 1, Indice: 0, Tamanio: 6 

[INFO] 14:05:03:347 Swap/(29719:29719): No se pudo eliminar el proceso PID: 1
[INFO] 14:06:48:5 Swap/(30191:30191): Proceso Recibido PID: 1, Indice: 0, Tamanio: 6
[INFO] 14:06:54:111 Swap/(30191:30191): Lectura en el SWAP: ubicacion 20, valor  del process ID 1, de la pagina 2.
[INFO] 14:07:04:171 Swap/(30191:30191): Lectura en el SWAP: ubicacion 30, valor  del process ID 1, de la pagina 3.
[INFO] 14:07:14:179 Swap/(30191:30191): Lectura en el SWAP: ubicacion 10, valor  del process ID 1, de la pagina 1.
[INFO] 14:07:24:186 Swap/(30191:30191): Lectura en el SWAP: ubicacion 50, valor  del process ID 1, de la pagina 5.
[INFO] 14:07:24:223 Swap/(30191:30191): Escritura en el SWAP: ubicacion 30, valor tres del process ID 1, de la pagina 3.
[INFO] 14:07:24:713 Swap/(30191:30191): Escritura en el SWAP: ubicacion 30, valor tres del process ID 1, de la pagina 3.
