[INFO] 14:44:51:556 Memoria/(7979:7993): Proceso ID 1, cantidad de paginas 2. Inicio: Exito
[INFO] 14:48:22:219 Memoria/(8178:8189): Proceso ID 1, cantidad de paginas 2. Inicio: Exito
[INFO] 14:52:30:90 Memoria/(8454:8461): Proceso ID 1, cantidad de paginas 2. Inicio: Exito
[INFO] 14:57:43:994 Memoria/(8711:8725): Proceso ID 1, cantidad de paginas 60. Inicio: Exito
[INFO] 14:58:23:674 Memoria/(8711:8725): Se ha leido una pagina: process ID 1, pagina leida 0 con el valor 'NULL'
[INFO] 14:59:19:226 Memoria/(8711:8725): Se ha leido una pagina: process ID 1, pagina leida 1 con el valor 'NULL'
[INFO] 15:03:11:897 Memoria/(8711:8725): Finalizado por asignacion de marcos: process ID 1
[INFO] 15:11:30:982 Memoria/(9371:9381): Proceso ID 1, cantidad de paginas 2. Inicio: Exito
[INFO] 15:12:11:198 Memoria/(9371:9381): Se ha escrito una pagina: process ID 1, pagina escrita 0 con el valor '"'
[INFO] 15:20:04:98 Memoria/(9825:9839): Proceso ID 1, cantidad de paginas 2. Inicio: Exito
[INFO] 15:23:09:873 Memoria/(10093:10130): Proceso ID 1, cantidad de paginas 2. Inicio: Exito
[INFO] 15:27:47:758 Memoria/(10406:10416): Proceso ID 1, cantidad de paginas 2. Inicio: Exito
[INFO] 15:29:06:124 Memoria/(10406:10416): Se ha escrito una pagina: process ID 1, pagina escrita 0 con el valor ''
[INFO] 15:36:57:66 Memoria/(11001:11024): Proceso ID 1, cantidad de paginas 2. Inicio: Exito
[INFO] 15:39:57:224 Memoria/(11268:11283): Proceso ID 1, cantidad de paginas 2. Inicio: Exito
[INFO] 16:53:29:453 Memoria/(14231:14259): Proceso ID 1, cantidad de paginas 5. Inicio: Exito
[INFO] 16:54:07:639 Memoria/(14231:14259): Se ha finalizado el proceso con ID: 1.
[INFO] 16:54:38:721 Memoria/(14231:14259): Proceso ID 2, cantidad de paginas 60. Inicio: Exito
[INFO] 16:55:24:474 Memoria/(14231:14259): Proceso ID 2, cantidad de paginas 0. Inicio: Exito
[INFO] 17:01:46:82 Memoria/(14647:14653): Proceso ID 1, cantidad de paginas 5. Inicio: Exito
[INFO] 17:01:59:883 Memoria/(14647:14653): Se ha finalizado el proceso con ID: 1.
[INFO] 17:02:22:313 Memoria/(14647:14653): Proceso ID 2, cantidad de paginas 60. Inicio: Exito
[INFO] 17:03:11:42 Memoria/(14647:14653): Se ha leido una pagina: process ID 2, pagina leida 0 con el valor 'NULL'
[INFO] 17:03:47:197 Memoria/(14647:14653): Se ha leido una pagina: process ID 2, pagina leida 1 con el valor 'NULL'
[INFO] 17:04:51:253 Memoria/(14647:14653): Se ha leido una pagina: process ID 2, pagina leida 2 con el valor 'NULL'
[INFO] 17:06:21:406 Memoria/(14647:14653): Se ha leido una pagina: process ID 2, pagina leida 50 con el valor 'NULL'
[INFO] 17:06:46:140 Memoria/(14647:14653): Se ha leido una pagina: process ID 2, pagina leida 53 con el valor 'NULL'
[INFO] 17:07:04:311 Memoria/(14647:14653): Se ha leido una pagina: process ID 2, pagina leida 0 con el valor 'NULL'
[INFO] 17:07:24:157 Memoria/(14647:14653): Se ha leido una pagina: process ID 2, pagina leida 0 con el valor 'NULL'
[INFO] 17:07:32:89 Memoria/(14647:14653): Se ha finalizado el proceso con ID: 2.
[INFO] 17:07:53:1 Memoria/(14647:14653): Proceso ID 3, cantidad de paginas 2. Inicio: Exito
[INFO] 17:08:33:286 Memoria/(14647:14653): Se ha escrito una pagina: process ID 3, pagina escrita 0 con el valor '"hola'
[INFO] 17:08:52:581 Memoria/(14647:14653): Se ha leido una pagina: process ID 3, pagina leida 0 con el valor '"hola'
[INFO] 17:09:08:47 Memoria/(14647:14653): Se ha finalizado el proceso con ID: 3.
[INFO] 18:51:04:639 Memoria/(20016:20023): Proceso ID 1, cantidad de paginas 8. Inicio: Exito
[INFO] 18:52:46:298 Memoria/(20078:20164): Proceso ID 1, cantidad de paginas 8. Inicio: Exito
[INFO] 18:54:21:734 Memoria/(20281:20287): Proceso ID 1, cantidad de paginas 8. Inicio: Exito
[INFO] 18:56:24:487 Memoria/(20429:20438): Proceso ID 1, cantidad de paginas 8. Inicio: Exito
[INFO] 18:56:59:842 Memoria/(20429:20438): Se ha escrito una pagina: process ID 1, pagina escrita 4 con el valor 'tlb'
[INFO] 18:59:46:451 Memoria/(20429:20438): Se ha leido una pagina: process ID 1, pagina leida 4 con el valor 'NULL'
[INFO] 19:02:28:914 Memoria/(20696:20708): Proceso ID 1, cantidad de paginas 8. Inicio: Exito
[INFO] 19:02:55:563 Memoria/(20696:20708): Se ha escrito una pagina: process ID 1, pagina escrita 4 con el valor 'tlb'
[INFO] 19:05:29:233 Memoria/(20696:20708): Se ha leido una pagina: process ID 1, pagina leida 4 con el valor 'NULL'
[INFO] 19:08:20:237 Memoria/(20982:20994): Proceso ID 1, cantidad de paginas 8. Inicio: Exito
[INFO] 19:12:10:393 Memoria/(21126:21139): Proceso ID 1, cantidad de paginas 8. Inicio: Exito
[INFO] 19:14:24:557 Memoria/(21126:21139): Se ha escrito una pagina: process ID 1, pagina escrita 4 con el valor 'tlb'
[INFO] 19:16:08:774 Memoria/(21126:21139): Se ha leido una pagina: process ID 1, pagina leida 4 con el valor 'tlb'
[INFO] 20:01:41:646 Memoria/(23499:23600): Proceso ID 1, cantidad de paginas 50. Inicio: Exito
[INFO] 20:24:51:195 Memoria/(24167:24202): Proceso ID 1, cantidad de paginas 5. Inicio: Exito
[INFO] 20:24:56:953 Memoria/(24167:24202): Se ha escrito una pagina: process ID 1, pagina escrita 1 con el valor 'hola'
[INFO] 20:25:05:320 Memoria/(24167:24202): Se ha escrito una pagina: process ID 1, pagina escrita 3 con el valor 'reemplazo'
[INFO] 20:27:21:336 Memoria/(24301:24307): Proceso ID 1, cantidad de paginas 5. Inicio: Exito
[INFO] 20:28:24:519 Memoria/(24301:24307): Se ha escrito una pagina: process ID 1, pagina escrita 2 con el valor 'fuiste'
[INFO] 20:29:39:423 Memoria/(24301:24307): Se ha leido una pagina: process ID 1, pagina leida 2 con el valor 'fuiste'
[INFO] 20:31:12:818 Memoria/(24301:24307): Se ha leido una pagina: process ID 1, pagina leida 1 con el valor 'NULL'
[INFO] 20:32:15:155 Memoria/(24301:24307): Se ha escrito una pagina: process ID 1, pagina escrita 3 con el valor 'reemplazo'
[INFO] 20:32:44:930 Memoria/(24301:24307): Se ha escrito una pagina: process ID 1, pagina escrita 1 con el valor 'hola'
[INFO] 20:33:06:356 Memoria/(24301:24307): Se ha escrito una pagina: process ID 1, pagina escrita 2 con el valor 'fuiste'
[INFO] 20:33:14:878 Memoria/(24301:24307): Se ha leido una pagina: process ID 1, pagina leida 2 con el valor 'fuiste'
[INFO] 20:33:23:498 Memoria/(24301:24307): Se ha leido una pagina: process ID 1, pagina leida 1 con el valor 'hola'
[INFO] 20:33:31:143 Memoria/(24301:24307): Se ha finalizado el proceso con ID: 1.
[INFO] 18:35:16:984 Memoria/(8141:8148): Proceso ID 1, cantidad de paginas 4. Inicio: Exito
[INFO] 18:36:13:710 Memoria/(8141:8148): Se ha escrito una pagina: process ID 1, pagina escrita 3 con el valor 'jamas'
[INFO] 18:36:52:216 Memoria/(8141:8148): Se ha escrito una pagina: process ID 1, pagina escrita 3 con el valor 'chau'
[INFO] 18:49:33:508 Memoria/(8815:8821): Proceso ID 1, cantidad de paginas 4. Inicio: Exito
[INFO] 19:31:43:892 Memoria/(9345:9351): Proceso ID 1, cantidad de paginas 4. Inicio: Exito
[INFO] 19:31:45:907 Memoria/(9345:9351): Se ha escrito una pagina: process ID 1, pagina escrita 3 con el valor 'jamas'
[INFO] 19:31:50:911 Memoria/(9345:9351): Se ha escrito una pagina: process ID 1, pagina escrita 3 con el valor 'chau'
[INFO] 19:32:04:622 Memoria/(9345:9351): Se ha leido una pagina: process ID 1, pagina leida 3 con el valor 'chau'
[INFO] 19:32:09:635 Memoria/(9345:9351): Se ha finalizado el proceso con ID: 1.
[INFO] 02:00:20:124 Memoria/(5218:5224): Proceso ID 1, cantidad de paginas 4. Inicio: Exito
[INFO] 02:00:22:136 Memoria/(5218:5224): Se ha escrito una pagina: process ID 1, pagina escrita 3 con el valor 'jamas'
[INFO] 02:00:27:143 Memoria/(5218:5224): Se ha escrito una pagina: process ID 1, pagina escrita 3 con el valor 'chau'
[INFO] 02:07:19:164 Memoria/(5537:5537): ingreso el mensaje rutina SIGUSR1: 10
[INFO] 02:08:44:886 Memoria/(5636:5636): ingreso el mensaje rutina SIGUSR1: 10
[INFO] 02:09:25:982 Memoria/(5721:5721): ingreso el mensaje rutina SIGUSR1: 10
[INFO] 21:13:34:24 Memoria/(3274:3280): Proceso ID 1, cantidad de paginas 10. Inicio: Exito
[INFO] 21:13:36:28 Memoria/(3274:3280): Se ha escrito una pagina: process ID 1, pagina escrita 0 con el valor 'hola'
[INFO] 21:13:41:34 Memoria/(3274:3280): Se ha escrito una pagina: process ID 1, pagina escrita 1 con el valor 'chau'
[INFO] 21:13:46:51 Memoria/(3274:3280): Se ha escrito una pagina: process ID 1, pagina escrita 2 con el valor 'adios'
[INFO] 21:13:51:66 Memoria/(3274:3280): Se ha escrito una pagina: process ID 1, pagina escrita 3 con el valor 'hello'
[INFO] 21:14:04:740 Memoria/(3274:3280): Se ha escrito una pagina: process ID 1, pagina escrita 4 con el valor 'chau'
[INFO] 21:14:12:531 Memoria/(3274:3280): Se ha escrito una pagina: process ID 1, pagina escrita 5 con el valor 'bye'
[INFO] 21:14:22:191 Memoria/(3274:3280): Se ha escrito una pagina: process ID 1, pagina escrita 6 con el valor 'jj'
[INFO] 21:14:27:201 Memoria/(3274:3280): Se ha escrito una pagina: process ID 1, pagina escrita 7 con el valor 'miercoles'
[INFO] 21:14:32:227 Memoria/(3274:3280): Se ha escrito una pagina: process ID 1, pagina escrita 8 con el valor 'kaiser'
[INFO] 21:17:36:86 Memoria/(3497:3508): Proceso ID 1, cantidad de paginas 10. Inicio: Exito
[INFO] 21:17:38:99 Memoria/(3497:3508): Se ha escrito una pagina: process ID 1, pagina escrita 0 con el valor 'hola'
[INFO] 21:17:43:113 Memoria/(3497:3508): Se ha escrito una pagina: process ID 1, pagina escrita 1 con el valor 'chau'
[INFO] 21:18:23:893 Memoria/(3551:3558): Proceso ID 1, cantidad de paginas 10. Inicio: Exito
[INFO] 21:18:25:911 Memoria/(3551:3558): Se ha escrito una pagina: process ID 1, pagina escrita 0 con el valor 'hola'
[INFO] 21:18:30:921 Memoria/(3551:3558): Se ha escrito una pagina: process ID 1, pagina escrita 1 con el valor 'chau'
[INFO] 21:19:58:622 Memoria/(3602:3608): Proceso ID 1, cantidad de paginas 10. Inicio: Exito
[INFO] 21:20:00:630 Memoria/(3602:3608): Se ha escrito una pagina: process ID 1, pagina escrita 0 con el valor 'hola'
[INFO] 21:20:05:645 Memoria/(3602:3608): Se ha escrito una pagina: process ID 1, pagina escrita 1 con el valor 'chau'
[INFO] 21:22:50:461 Memoria/(3602:3608): Proceso ID 1, cantidad de paginas 10. Inicio: Exito
[INFO] 21:22:52:467 Memoria/(3602:3608): Se ha escrito una pagina: process ID 1, pagina escrita 0 con el valor 'hola'
[INFO] 21:22:57:472 Memoria/(3602:3608): Se ha escrito una pagina: process ID 1, pagina escrita 1 con el valor 'chau'
[INFO] 15:16:22:910 Memoria/(7029:7038): Proceso ID 1, cantidad de paginas 6. Inicio: Exito
[INFO] 15:16:24:926 Memoria/(7029:7038): Se ha escrito una pagina: process ID 1, pagina escrita 2 con el valor 'dos'
[INFO] 15:16:29:931 Memoria/(7029:7038): Se ha leido una pagina: process ID 1, pagina leida 2 con el valor 'dos'
[INFO] 15:16:34:956 Memoria/(7029:7038): Se ha escrito una pagina: process ID 1, pagina escrita 3 con el valor 'tres'
[INFO] 15:16:39:961 Memoria/(7029:7038): Se ha leido una pagina: process ID 1, pagina leida 2 con el valor 'dos'
[INFO] 15:16:44:977 Memoria/(7029:7038): Se ha escrito una pagina: process ID 1, pagina escrita 1 con el valor 'uno'
[INFO] 15:16:49:980 Memoria/(7029:7038): Se ha leido una pagina: process ID 1, pagina leida 1 con el valor 'uno'
[INFO] 15:19:47:540 Memoria/(7258:7266): Proceso ID 1, cantidad de paginas 6. Inicio: Exito
[INFO] 15:19:49:563 Memoria/(7258:7266): Se ha escrito una pagina: process ID 1, pagina escrita 2 con el valor 'dos'
[INFO] 15:19:54:571 Memoria/(7258:7266): Se ha leido una pagina: process ID 1, pagina leida 2 con el valor 'dos'
[INFO] 15:19:59:598 Memoria/(7258:7266): Se ha escrito una pagina: process ID 1, pagina escrita 3 con el valor 'tres'
[INFO] 15:20:04:607 Memoria/(7258:7266): Se ha leido una pagina: process ID 1, pagina leida 2 con el valor 'dos'
[INFO] 15:20:09:631 Memoria/(7258:7266): Se ha escrito una pagina: process ID 1, pagina escrita 1 con el valor 'uno'
[INFO] 15:20:14:637 Memoria/(7258:7266): Se ha leido una pagina: process ID 1, pagina leida 1 con el valor 'uno'
[INFO] 15:22:42:492 Memoria/(7258:7266): Se ha escrito una pagina: process ID 1, pagina escrita 5 con el valor 'cinco'
[INFO] 15:24:34:415 Memoria/(7258:7266): Se ha leido una pagina: process ID 1, pagina leida 2 con el valor 'cinco'
[INFO] 15:25:24:949 Memoria/(7258:7266): Finalizado por asignacion de marcos: process ID 1
[INFO] 15:33:47:162 Memoria/(7677:7686): Proceso ID 1, cantidad de paginas 6. Inicio: Exito
[INFO] 15:42:46:831 Memoria/(7992:8001): Proceso ID 1, cantidad de paginas 6. Inicio: Exito
[INFO] 15:43:19:128 Memoria/(7992:8001): Se ha escrito una pagina: process ID 1, pagina escrita 2 con el valor 'dos'
[INFO] 15:44:29:929 Memoria/(7992:8001): Se ha leido una pagina: process ID 1, pagina leida 2 con el valor 'dos'
[INFO] 15:47:56:705 Memoria/(7992:8001): Se ha escrito una pagina: process ID 1, pagina escrita 3 con el valor 'tres'
[INFO] 15:49:43:850 Memoria/(7992:8001): Se ha leido una pagina: process ID 1, pagina leida 2 con el valor 'dos'
[INFO] 15:51:10:143 Memoria/(7992:8001): Se ha escrito una pagina: process ID 1, pagina escrita 1 con el valor 'uno'
[INFO] 15:52:31:849 Memoria/(7992:8001): Se ha leido una pagina: process ID 1, pagina leida 1 con el valor 'uno'
[INFO] 15:56:03:542 Memoria/(7992:8001): Se ha escrito una pagina: process ID 1, pagina escrita 5 con el valor 'cinco'
[INFO] 16:03:09:173 Memoria/(8659:8668): Proceso ID 1, cantidad de paginas 6. Inicio: Exito
[INFO] 16:08:12:629 Memoria/(7677:7686): Se ha escrito una pagina: process ID 1, pagina escrita 2 con el valor 'dos'
[INFO] 16:08:27:255 Memoria/(7677:7686): Proceso ID 1, cantidad de paginas 6. Inicio: Exito
[INFO] 16:09:51:411 Memoria/(8999:9017): Proceso ID 1, cantidad de paginas 6. Inicio: Exito
[INFO] 16:10:29:274 Memoria/(8999:9017): Se ha escrito una pagina: process ID 1, pagina escrita 2 con el valor 'dos'
[INFO] 16:11:29:781 Memoria/(8999:9017): Se ha leido una pagina: process ID 1, pagina leida 2 con el valor 'dos'
[INFO] 16:13:12:369 Memoria/(8999:9017): Se ha escrito una pagina: process ID 1, pagina escrita 3 con el valor 'tres'
[INFO] 16:13:39:546 Memoria/(8999:9017): Se ha leido una pagina: process ID 1, pagina leida 2 con el valor 'dos'
[INFO] 16:14:39:506 Memoria/(8999:9017): Se ha escrito una pagina: process ID 1, pagina escrita 1 con el valor 'uno'
[INFO] 16:15:16:29 Memoria/(8999:9017): Se ha leido una pagina: process ID 1, pagina leida 1 con el valor 'uno'
[INFO] 16:23:31:166 Memoria/(8999:9017): Se ha escrito una pagina: process ID 1, pagina escrita 5 con el valor 'cinco'
[INFO] 16:25:44:456 Memoria/(8999:9017): Se ha leido una pagina: process ID 1, pagina leida 2 con el valor 'cinco'
[INFO] 16:30:16:935 Memoria/(8999:9017): Finalizado por asignacion de marcos: process ID 1
[INFO] 16:30:50:594 Memoria/(8999:9017): Proceso ID 2, cantidad de paginas 6. Inicio: Exito
[INFO] 16:30:57:768 Memoria/(8999:9017): Se ha escrito una pagina: process ID 2, pagina escrita 2 con el valor 'dos'
[INFO] 16:31:06:446 Memoria/(8999:9017): Se ha leido una pagina: process ID 2, pagina leida 2 con el valor 'dos'
[INFO] 16:31:19:363 Memoria/(8999:9017): Se ha escrito una pagina: process ID 2, pagina escrita 3 con el valor 'tres'
[INFO] 16:31:28:218 Memoria/(8999:9017): Se ha leido una pagina: process ID 2, pagina leida 2 con el valor 'dos'
[INFO] 16:31:48:11 Memoria/(8999:9017): Se ha escrito una pagina: process ID 2, pagina escrita 1 con el valor 'uno'
[INFO] 16:31:55:976 Memoria/(8999:9017): Se ha leido una pagina: process ID 2, pagina leida 1 con el valor 'uno'
[INFO] 16:36:34:281 Memoria/(8999:9017): Se ha escrito una pagina: process ID 2, pagina escrita 5 con el valor 'cinco'
[INFO] 16:39:53:196 Memoria/(8999:9017): Se ha leido una pagina: process ID 2, pagina leida 2 con el valor 'cinco'
[INFO] 16:42:03:209 Memoria/(8999:9017): Finalizado por asignacion de marcos: process ID 2
[INFO] 16:42:58:480 Memoria/(8999:9017): Proceso ID 3, cantidad de paginas 6. Inicio: Exito
[INFO] 16:43:07:168 Memoria/(8999:9017): Se ha escrito una pagina: process ID 3, pagina escrita 2 con el valor 'dos'
[INFO] 16:43:15:40 Memoria/(8999:9017): Se ha leido una pagina: process ID 3, pagina leida 2 con el valor 'dos'
[INFO] 16:43:26:305 Memoria/(8999:9017): Se ha escrito una pagina: process ID 3, pagina escrita 3 con el valor 'tres'
[INFO] 16:43:34:275 Memoria/(8999:9017): Se ha leido una pagina: process ID 3, pagina leida 2 con el valor 'dos'
[INFO] 16:43:57:596 Memoria/(8999:9017): Se ha escrito una pagina: process ID 3, pagina escrita 1 con el valor 'uno'
[INFO] 16:44:08:142 Memoria/(8999:9017): Se ha leido una pagina: process ID 3, pagina leida 1 con el valor 'uno'
[INFO] 16:47:42:434 Memoria/(8999:9017): Se ha escrito una pagina: process ID 3, pagina escrita 5 con el valor 'cinco'
[INFO] 16:51:22:744 Memoria/(8999:9017): Se ha leido una pagina: process ID 3, pagina leida 2 con el valor 'cinco'
[INFO] 16:51:32:349 Memoria/(8999:9017): Finalizado por asignacion de marcos: process ID 3
[INFO] 16:56:33:878 Memoria/(10574:10582): Proceso ID 1, cantidad de paginas 6. Inicio: Exito
[INFO] 16:56:39:990 Memoria/(10574:10582): Se ha escrito una pagina: process ID 1, pagina escrita 2 con el valor 'dos'
[INFO] 16:56:49:59 Memoria/(10574:10582): Se ha leido una pagina: process ID 1, pagina leida 2 con el valor 'dos'
[INFO] 16:57:02:126 Memoria/(10574:10582): Se ha escrito una pagina: process ID 1, pagina escrita 3 con el valor 'tres'
[INFO] 16:57:11:871 Memoria/(10574:10582): Se ha leido una pagina: process ID 1, pagina leida 2 con el valor 'dos'
[INFO] 16:57:26:385 Memoria/(10574:10582): Se ha escrito una pagina: process ID 1, pagina escrita 1 con el valor 'uno'
[INFO] 16:57:35:197 Memoria/(10574:10582): Se ha leido una pagina: process ID 1, pagina leida 1 con el valor 'uno'
[INFO] 16:58:46:32 Memoria/(10574:10582): Se ha escrito una pagina: process ID 1, pagina escrita 5 con el valor 'cinco'
[INFO] 16:58:57:415 Memoria/(10574:10582): Se ha leido una pagina: process ID 1, pagina leida 2 con el valor 'cinco'
[INFO] 17:00:08:585 Memoria/(10574:10582): Finalizado por asignacion de marcos: process ID 1
[INFO] 17:31:08:358 Memoria/(11336:11343): Proceso ID 1, cantidad de paginas 6. Inicio: Exito
[INFO] 17:31:19:508 Memoria/(11336:11343): Se ha escrito una pagina: process ID 1, pagina escrita 2 con el valor 'dos'
[INFO] 17:31:32:875 Memoria/(11336:11343): Se ha leido una pagina: process ID 1, pagina leida 2 con el valor 'dos'
[INFO] 17:31:45:626 Memoria/(11336:11343): Se ha escrito una pagina: process ID 1, pagina escrita 3 con el valor 'tres'
[INFO] 17:31:50:631 Memoria/(11336:11343): Se ha leido una pagina: process ID 1, pagina leida 2 con el valor 'dos'
[INFO] 17:32:08:121 Memoria/(11336:11343): Se ha escrito una pagina: process ID 1, pagina escrita 1 con el valor 'uno'
[INFO] 17:32:13:126 Memoria/(11336:11343): Se ha leido una pagina: process ID 1, pagina leida 1 con el valor 'uno'
[INFO] 17:32:58:855 Memoria/(11336:11343): Se ha escrito una pagina: process ID 1, pagina escrita 5 con el valor 'cinco'
[INFO] 17:34:40:5 Memoria/(11336:11343): Se ha leido una pagina: process ID 1, pagina leida 2 con el valor 'cinco'
[INFO] 17:48:51:324 Memoria/(11679:11687): Proceso ID 1, cantidad de paginas 6. Inicio: Exito
[INFO] 17:50:39:814 Memoria/(11679:11687): Se ha escrito una pagina: process ID 1, pagina escrita 2 con el valor 'dos'
[INFO] 17:52:25:977 Memoria/(11679:11687): Se ha leido una pagina: process ID 1, pagina leida 2 con el valor 'dos'
[INFO] 17:58:35:116 Memoria/(12178:12186): Proceso ID 1, cantidad de paginas 6. Inicio: Exito
[INFO] 17:58:55:619 Memoria/(12178:12186): Se ha escrito una pagina: process ID 1, pagina escrita 2 con el valor 'dos'
[INFO] 17:59:29:675 Memoria/(12178:12186): Se ha leido una pagina: process ID 1, pagina leida 2 con el valor 'dos'
[INFO] 18:01:12:303 Memoria/(12340:12350): Proceso ID 1, cantidad de paginas 6. Inicio: Exito
[INFO] 18:01:27:627 Memoria/(12340:12350): Se ha escrito una pagina: process ID 1, pagina escrita 2 con el valor 'dos'
[INFO] 18:01:39:12 Memoria/(12340:12350): Se ha leido una pagina: process ID 1, pagina leida 2 con el valor 'dos'
[INFO] 18:03:32:157 Memoria/(12551:12559): Proceso ID 1, cantidad de paginas 6. Inicio: Exito
[INFO] 18:03:41:281 Memoria/(12551:12559): Se ha escrito una pagina: process ID 1, pagina escrita 2 con el valor 'dos'
[INFO] 18:03:51:136 Memoria/(12551:12559): Se ha leido una pagina: process ID 1, pagina leida 2 con el valor 'dos'
[INFO] 18:04:11:463 Memoria/(12551:12559): Se ha escrito una pagina: process ID 1, pagina escrita 3 con el valor 'tres'
[INFO] 18:04:22:933 Memoria/(12551:12559): Se ha leido una pagina: process ID 1, pagina leida 2 con el valor 'dos'
[INFO] 18:07:49:647 Memoria/(12741:12748): Proceso ID 1, cantidad de paginas 6. Inicio: Exito
[INFO] 18:07:56:954 Memoria/(12741:12748): Se ha escrito una pagina: process ID 1, pagina escrita 2 con el valor 'dos'
[INFO] 18:08:19:405 Memoria/(12741:12748): Se ha leido una pagina: process ID 1, pagina leida 2 con el valor 'dos'
[INFO] 18:14:20:217 Memoria/(13066:13074): Proceso ID 1, cantidad de paginas 6. Inicio: Exito
[INFO] 18:14:25:939 Memoria/(13066:13074): Se ha escrito una pagina: process ID 1, pagina escrita 2 con el valor 'dos'
[INFO] 18:14:35:980 Memoria/(13066:13074): Se ha leido una pagina: process ID 1, pagina leida 2 con el valor 'dos'
[INFO] 18:16:24:173 Memoria/(13229:13239): Proceso ID 1, cantidad de paginas 6. Inicio: Exito
[INFO] 18:16:31:196 Memoria/(13229:13239): Se ha escrito una pagina: process ID 1, pagina escrita 2 con el valor 'dos'
[INFO] 18:16:38:692 Memoria/(13229:13239): Se ha leido una pagina: process ID 1, pagina leida 2 con el valor 'dos'
[INFO] 18:16:50:538 Memoria/(13229:13239): Se ha escrito una pagina: process ID 1, pagina escrita 3 con el valor 'tres'
[INFO] 18:16:57:555 Memoria/(13229:13239): Se ha leido una pagina: process ID 1, pagina leida 2 con el valor 'dos'
[INFO] 18:17:09:620 Memoria/(13229:13239): Se ha escrito una pagina: process ID 1, pagina escrita 1 con el valor 'uno'
[INFO] 18:17:17:398 Memoria/(13229:13239): Se ha leido una pagina: process ID 1, pagina leida 1 con el valor 'uno'
[INFO] 18:17:32:499 Memoria/(13229:13239): Se ha escrito una pagina: process ID 1, pagina escrita 5 con el valor 'cinco'
[INFO] 18:17:42:396 Memoria/(13229:13239): Se ha leido una pagina: process ID 1, pagina leida 2 con el valor 'cinco'
[INFO] 18:19:35:798 Memoria/(13229:13239): Finalizado por asignacion de marcos: process ID 1
[INFO] 18:45:11:441 Memoria/(13915:13923): Proceso ID 1, cantidad de paginas 6. Inicio: Exito
[INFO] 18:45:13:461 Memoria/(13915:13923): Se ha escrito una pagina: process ID 1, pagina escrita 2 con el valor 'dos'
[INFO] 18:45:25:839 Memoria/(13915:13923): Se ha leido una pagina: process ID 1, pagina leida 2 con el valor 'dos'
