[INFO] 11:18:00:60 Planificador/(3966:4048): 
[INFO] 11:19:52:343 Planificador/(4077:4113): 
[INFO] 11:22:38:392 Planificador/(4213:4276): 
[INFO] 11:25:33:47 Planificador/(4348:4361): 
[INFO] 11:33:58:517 Planificador/(4502:4714): 
[INFO] 11:35:56:623 Planificador/(4742:4815): 
[INFO] 11:35:56:646 Planificador/(4742:4744): iniciar 20
[INFO] 11:36:37:474 Planificador/(4830:4835): 
[INFO] 11:36:37:504 Planificador/(4830:4832): iniciar 20
[INFO] 11:36:59:62 Planificador/(4868:4873): 
[INFO] 11:36:59:91 Planificador/(4868:4870): iniciar 20
[INFO] 11:36:59:91 Planificador/(4868:4870): A
[INFO] 11:36:59:93 Planificador/(4868:4870): 
[INFO] 11:36:59:97 Planificador/(4868:4870): A
[INFO] 11:37:06:29 Planificador/(4868:4874): 
[INFO] 11:37:17:284 Planificador/(4868:4875): 
[INFO] 11:38:34:329 Planificador/(4905:4910): 
[INFO] 11:38:34:357 Planificador/(4905:4907): iniciar 20
[INFO] 11:38:34:357 Planificador/(4905:4907): A
[INFO] 11:38:34:366 Planificador/(4905:4907): ito
[INFO] 11:38:38:16 Planificador/(4905:4911): 
[INFO] 11:39:32:427 Planificador/(4952:4957): 
[INFO] 11:39:32:440 Planificador/(4952:4954): iniciar 20
[INFO] 11:39:32:440 Planificador/(4952:4954): A
[INFO] 11:39:32:442 Planificador/(4952:4954): 
[INFO] 11:39:32:450 Planificador/(4952:4954): ito
[INFO] 11:39:32:458 Planificador/(4952:4954): A
[INFO] 11:39:32:460 Planificador/(4952:4954): 
[INFO] 11:39:36:514 Planificador/(4952:4958): 
[INFO] 11:44:11:248 Planificador/(5025:5072): 
[INFO] 11:44:11:262 Planificador/(5025:5027): iniciar 20
[INFO] 11:44:11:262 Planificador/(5025:5027): A
[INFO] 11:44:11:265 Planificador/(5025:5027): 
[INFO] 11:44:11:269 Planificador/(5025:5027): ito
[INFO] 11:44:11:270 Planificador/(5025:5027): A
[INFO] 11:44:11:273 Planificador/(5025:5027): 
[INFO] 11:51:59:97 Planificador/(5197:5238): 
[INFO] 11:51:59:129 Planificador/(5197:5199): iniciar 20
[INFO] 11:51:59:129 Planificador/(5197:5199): A
[INFO] 11:51:59:137 Planificador/(5197:5199): finalizar
[INFO] 11:52:04:194 Planificador/(5197:5239): 
[INFO] 11:52:04:207 Planificador/(5197:5199): iniciar 20
[INFO] 11:52:04:207 Planificador/(5197:5199): A
[INFO] 11:52:04:209 Planificador/(5197:5199): A
[INFO] 11:52:04:216 Planificador/(5197:5199): 
[INFO] 11:52:04:219 Planificador/(5197:5199): finalizar
[INFO] 11:52:09:316 Planificador/(5197:5240): 
[INFO] 11:52:09:357 Planificador/(5197:5199): iniciar 20
[INFO] 11:52:09:357 Planificador/(5197:5199): iniciar-exito
[INFO] 11:52:09:364 Planificador/(5197:5199): finalizar
[INFO] 11:52:13:716 Planificador/(5197:5241): 
[INFO] 11:52:13:730 Planificador/(5197:5199): iniciar 20
[INFO] 11:52:13:730 Planificador/(5197:5199): iniciar-exito
[INFO] 11:52:13:731 Planificador/(5197:5199): ito
[INFO] 11:52:13:733 Planificador/(5197:5199): A
[INFO] 11:52:13:740 Planificador/(5197:5199): finalizar
[INFO] 11:55:15:260 Planificador/(5372:5377): 
[INFO] 11:55:15:289 Planificador/(5372:5374): iniciar 20
[INFO] 11:55:17:290 Planificador/(5372:5374): A
[INFO] 11:55:19:294 Planificador/(5372:5374): 
[INFO] 11:55:21:300 Planificador/(5372:5374): ito
[INFO] 11:55:22:437 Planificador/(5372:5378): 
[INFO] 11:55:23:303 Planificador/(5372:5374): A
[INFO] 11:55:25:96 Planificador/(5372:5379): 
[INFO] 11:55:25:311 Planificador/(5372:5374): finalizar
[INFO] 11:55:27:315 Planificador/(5372:5374): iniciar 20
[INFO] 11:55:29:320 Planificador/(5372:5374): A
[INFO] 11:55:31:321 Planificador/(5372:5374): 
[INFO] 11:55:33:331 Planificador/(5372:5374): A
[INFO] 11:55:35:333 Planificador/(5372:5374): 
[INFO] 11:55:37:334 Planificador/(5372:5374): finalizar
[INFO] 11:55:39:338 Planificador/(5372:5374): iniciar 20
[INFO] 11:55:41:341 Planificador/(5372:5374): A
[INFO] 11:55:43:342 Planificador/(5372:5374): 
[INFO] 11:55:45:347 Planificador/(5372:5374): A
[INFO] 11:55:47:350 Planificador/(5372:5374): 
[INFO] 11:55:49:351 Planificador/(5372:5374): finalizar
[INFO] 11:56:01:29 Planificador/(5372:5383): 
[INFO] 11:56:01:40 Planificador/(5372:5374): iniciar 20
[INFO] 11:56:03:41 Planificador/(5372:5374): A
[INFO] 11:56:03:298 Planificador/(5372:5384): 
[INFO] 11:56:05:43 Planificador/(5372:5374): 
[INFO] 11:56:05:482 Planificador/(5372:5385): 
[INFO] 11:56:07:47 Planificador/(5372:5374): A
[INFO] 11:56:08:380 Planificador/(5372:5386): 
[INFO] 11:56:09:51 Planificador/(5372:5374): 
[INFO] 11:56:10:780 Planificador/(5372:5387): 
[INFO] 11:56:11:54 Planificador/(5372:5374): finalizar
[INFO] 11:56:13:59 Planificador/(5372:5374): iniciar 20
[INFO] 11:56:13:564 Planificador/(5372:5388): 
[INFO] 11:56:15:64 Planificador/(5372:5374): A
[INFO] 11:56:17:66 Planificador/(5372:5374): 
[INFO] 11:56:17:578 Planificador/(5372:5389): 
[INFO] 11:56:19:67 Planificador/(5372:5374): A
[INFO] 11:56:20:772 Planificador/(5372:5390): 
[INFO] 11:56:21:71 Planificador/(5372:5374): 
[INFO] 11:56:23:74 Planificador/(5372:5374): finalizar
[INFO] 11:56:24:333 Planificador/(5372:5391): 
[INFO] 11:56:25:81 Planificador/(5372:5374): iniciar 20
[INFO] 11:56:27:86 Planificador/(5372:5374): A
[INFO] 11:56:29:91 Planificador/(5372:5374): 
[INFO] 11:56:31:94 Planificador/(5372:5374): ito
[INFO] 11:56:33:99 Planificador/(5372:5374): A
[INFO] 11:56:35:101 Planificador/(5372:5374): finalizar
[INFO] 11:56:37:105 Planificador/(5372:5374): iniciar 20
[INFO] 11:56:39:111 Planificador/(5372:5374): A
[INFO] 11:56:41:127 Planificador/(5372:5374): 
[INFO] 11:56:43:130 Planificador/(5372:5374): ito
[INFO] 11:56:45:133 Planificador/(5372:5374): A
[INFO] 11:56:47:137 Planificador/(5372:5374): finalizar
[INFO] 11:56:49:141 Planificador/(5372:5374): iniciar 20
[INFO] 11:56:51:146 Planificador/(5372:5374): A
[INFO] 11:56:53:150 Planificador/(5372:5374): 
[INFO] 11:56:55:152 Planificador/(5372:5374): ito
[INFO] 11:56:57:156 Planificador/(5372:5374): A
[INFO] 11:56:59:159 Planificador/(5372:5374): finalizar
[INFO] 11:57:01:163 Planificador/(5372:5374): iniciar 20
[INFO] 11:57:03:169 Planificador/(5372:5374): A
[INFO] 11:57:05:174 Planificador/(5372:5374): 
[INFO] 11:57:07:179 Planificador/(5372:5374): ito
[INFO] 11:57:09:182 Planificador/(5372:5374): A
[INFO] 11:57:11:189 Planificador/(5372:5374): finalizar
[INFO] 11:57:13:191 Planificador/(5372:5374): iniciar 20
[INFO] 11:57:15:195 Planificador/(5372:5374): iniciar-exito
[INFO] 11:57:17:202 Planificador/(5372:5374): 
[INFO] 11:57:19:204 Planificador/(5372:5374): ito
[INFO] 11:57:21:207 Planificador/(5372:5374): A
[INFO] 11:57:23:212 Planificador/(5372:5374): finalizar
[INFO] 11:57:25:229 Planificador/(5372:5374): iniciar 20
[INFO] 11:57:27:235 Planificador/(5372:5374): A
[INFO] 11:57:29:239 Planificador/(5372:5374): 
[INFO] 11:57:31:264 Planificador/(5372:5374): ito
[INFO] 11:57:33:273 Planificador/(5372:5374): A
[INFO] 11:57:35:276 Planificador/(5372:5374): finalizar
[INFO] 11:57:37:282 Planificador/(5372:5374): iniciar 20
[INFO] 11:57:39:284 Planificador/(5372:5374): A
[INFO] 11:57:41:286 Planificador/(5372:5374): 
[INFO] 11:57:43:287 Planificador/(5372:5374): A
[INFO] 11:57:45:290 Planificador/(5372:5374): 
[INFO] 11:57:47:291 Planificador/(5372:5374): finalizar
